<?xml version="1.0" encoding="UTF-8" ?>
<testsuite tests="5" failures="0" name="put.ai.games.cli.AppTest" time="0.243" errors="0" skipped="0">
  <properties>
    <property name="jansi.mode" value="force"/>
    <property name="java.runtime.name" value="OpenJDK Runtime Environment"/>
    <property name="java.vm.version" value="19.0.1+10-21"/>
    <property name="sun.boot.library.path" value="C:\Users\mikolajna\.jdks\openjdk-19.0.1\bin"/>
    <property name="maven.multiModuleProjectDirectory" value="C:\Users\mikolajna\Desktop\pentago\games-src"/>
    <property name="java.vm.vendor" value="Oracle Corporation"/>
    <property name="java.vendor.url" value="https://java.oracle.com/"/>
    <property name="path.separator" value=";"/>
    <property name="guice.disable.misplaced.annotation.check" value="true"/>
    <property name="java.vm.name" value="OpenJDK 64-Bit Server VM"/>
    <property name="user.country" value="PL"/>
    <property name="sun.java.launcher" value="SUN_STANDARD"/>
    <property name="user.script" value=""/>
    <property name="sun.os.patch.level" value=""/>
    <property name="user.dir" value="C:\Users\mikolajna\Desktop\pentago\games-src"/>
    <property name="java.vm.compressedOopsMode" value="Zero based"/>
    <property name="java.vm.specification.name" value="Java Virtual Machine Specification"/>
    <property name="java.runtime.version" value="19.0.1+10-21"/>
    <property name="os.arch" value="amd64"/>
    <property name="java.io.tmpdir" value="C:\Users\MIKOLA~1\AppData\Local\Temp\"/>
    <property name="line.separator" value="
"/>
    <property name="java.vm.specification.vendor" value="Oracle Corporation"/>
    <property name="user.variant" value=""/>
    <property name="os.name" value="Windows 10"/>
    <property name="stderr.encoding" value="UTF-8"/>
    <property name="classworlds.conf" value="C:\Users\mikolajna\eclipse-workspace\.metadata\.plugins\org.eclipse.m2e.launching\launches\m2conf10858373401094099317.tmp"/>
    <property name="sun.jnu.encoding" value="Cp1250"/>
    <property name="stdout.encoding" value="UTF-8"/>
    <property name="java.library.path" value="C:\Users\mikolajna\.jdks\openjdk-19.0.1\bin;C:\WINDOWS\Sun\Java\bin;C:\WINDOWS\system32;C:\WINDOWS;C:/Users/mikolajna/.jdks/openjdk-19.0.1/bin/server;C:/Users/mikolajna/.jdks/openjdk-19.0.1/bin;C:\Program Files (x86)\Common Files\Oracle\Java\javapath;C:\oraclexe\app\oracle\product\11.2.0\server\bin;C:\oraclexe\app\oracle\product\11.2.0\server\bin;C:\oraclexe\app\oracle\product\11.2.0\server\bin;C:\oraclexe\app\oracle\product\11.2.0\server\bin;C:\WINDOWS\system32;C:\WINDOWS;C:\WINDOWS\System32\Wbem;C:\WINDOWS\System32\WindowsPowerShell\v1.0\;C:\WINDOWS\System32\OpenSSH\;C:\Program Files\TortoiseSVN\bin;C:\Program Files\Microsoft SQL Server\130\Tools\Binn\;C:\cmake;C:\Users\mikolajna\AppData\Local\Programs\Python\Python311;C:\MinGW\bin;C:\Program Files\Microsoft SQL Server\120\Tools\Binn\;C:\Program Files\Git\cmd;C:\Users\mikolajna\AppData\Local\Programs\Python\Python311\Scripts\;C:\Program Files\Graphviz\bin;C:\Program Files\Microsoft SQL Server\150\Tools\Binn\;C:\Program Files\Microsoft SQL Server\Client SDK\ODBC\170\Tools\Binn\;C:\Program Files\dotnet\;C:\Users\mikolajna\.jdks\openjdk-19.0.1\bin;C:\Software\apache-maven-3.9.6\bin;C:\Program Files\PuTTY\;C:\Program Files\Java\bin;C:\Users\mikolajna\Desktop\wbudowane\flutter_windows_3.16.5-stable\flutter\bin;C:\Users\mikolajna\AppData\Local\Programs\Python\Python311\Scripts\;C:\Users\mikolajna\AppData\Local\Programs\Python\Python311\;C:\Users\mikolajna\AppData\Local\Microsoft\WindowsApps;C:\Users\mikolajna\AppData\Local\Programs\Microsoft VS Code\bin;C:\Users\mikolajna\Desktop\bat;C:\Program Files\CMake\bin;C:\Qt\6.0.4\msvc2019_64\lib;C:\Qt\6.0.4\msvc2019_64\bin;C:\Users\mikolajna\.dotnet\tools;C:\intelFPGA\18.1\modelsim_ase\win32aloem;C:\Program Files\Java\bin;;C:\WINDOWS\System32;;."/>
    <property name="jdk.debug" value="release"/>
    <property name="java.class.version" value="63.0"/>
    <property name="java.specification.name" value="Java Platform API Specification"/>
    <property name="sun.management.compiler" value="HotSpot 64-Bit Tiered Compilers"/>
    <property name="os.version" value="10.0"/>
    <property name="user.home" value="C:\Users\mikolajna"/>
    <property name="user.timezone" value="Europe/Warsaw"/>
    <property name="file.encoding" value="UTF-8"/>
    <property name="java.specification.version" value="19"/>
    <property name="java.class.path" value="C:\Users\mikolajna\.p2\pool\plugins\org.eclipse.m2e.maven.runtime_3.9.500.20231113-2345\jars\plexus-classworlds-2.7.0.jar"/>
    <property name="user.name" value="mikolajna"/>
    <property name="java.vm.specification.version" value="19"/>
    <property name="sun.arch.data.model" value="64"/>
    <property name="sun.java.command" value="org.codehaus.plexus.classworlds.launcher.Launcher -B -Dstyle.color=always install"/>
    <property name="java.home" value="C:\Users\mikolajna\.jdks\openjdk-19.0.1"/>
    <property name="user.language" value="pl"/>
    <property name="java.specification.vendor" value="Oracle Corporation"/>
    <property name="java.vm.info" value="mixed mode, sharing"/>
    <property name="java.version" value="19.0.1"/>
    <property name="native.encoding" value="Cp1250"/>
    <property name="java.vendor" value="Oracle Corporation"/>
    <property name="maven.home" value="C:\Users\mikolajna\Desktop\pentago\games-src\EMBEDDED"/>
    <property name="style.color" value="always"/>
    <property name="file.separator" value="\"/>
    <property name="java.version.date" value="2022-10-18"/>
    <property name="java.vendor.url.bug" value="https://bugreport.java.com/bugreport/"/>
    <property name="sun.cpu.endian" value="little"/>
    <property name="sun.io.unicode.encoding" value="UnicodeLittle"/>
    <property name="m2e.build.project.data.socket.port" value="63982"/>
    <property name="sun.cpu.isalist" value="amd64"/>
  </properties>
  <testcase classname="put.ai.games.cli.AppTest" name="tab" time="0.241"/>
  <testcase classname="put.ai.games.cli.AppTest" name="quot" time="0"/>
  <testcase classname="put.ai.games.cli.AppTest" name="space" time="0"/>
  <testcase classname="put.ai.games.cli.AppTest" name="eol" time="0.001"/>
  <testcase classname="put.ai.games.cli.AppTest" name="backspace" time="0.001"/>
</testsuite>